[1] 1
[1] 2
[1] 3
[1] 4
[1] 5
[1] 6
[1] 7
[1] 8
[1] 9
[1] 10
[1] 11
[1] 12
[1] 13
[1] 14
[1] 15
[1] 16
Fraction of Scc low quality variants (/# core positions) AQFOSW: 5417/769234 
Fraction of EU low quality variants (/# core positions) AQFOSW: 0/768786 
Number of non-matching GT AQFOSW: 162999 
Unkown ploidy or ploidy > 2Het fraction AQFOSW chrI Scc: 0.95061 
Het fraction AQFOSW chrI EU: 0.95061 
Het fraction AQFOSW chrII Scc: 0.94696 
Het fraction AQFOSW chrII EU: 0.94696 
Het fraction AQFOSW chrIII Scc: 0.90837 
Het fraction AQFOSW chrIII EU: 0.90837 
Het fraction AQFOSW chrIV Scc: 0.82926 
Het fraction AQFOSW chrIV EU: 0.82926 
Het fraction AQFOSW chrV Scc: 0.23881 
Het fraction AQFOSW chrV EU: 0.23881 
Het fraction AQFOSW chrVI Scc: 0.83813 
Het fraction AQFOSW chrVI EU: 0.83813 
Het fraction AQFOSW chrVII Scc: 0.94674 
Het fraction AQFOSW chrVII EU: 0.94674 
Het fraction AQFOSW chrVIII Scc: 0.83709 
Het fraction AQFOSW chrVIII EU: 0.83709 
Het fraction AQFOSW chrIX Scc: 0.34248 
Het fraction AQFOSW chrIX EU: 0.34248 
Het fraction AQFOSW chrX Scc: 0.89648 
Het fraction AQFOSW chrX EU: 0.89648 
Het fraction AQFOSW chrXI Scc: 0.83448 
Het fraction AQFOSW chrXI EU: 0.83448 
Het fraction AQFOSW chrXII Scc: 0.92877 
Het fraction AQFOSW chrXII EU: 0.92877 
Het fraction AQFOSW chrXIII Scc: 0.9767 
Het fraction AQFOSW chrXIII EU: 0.9767 
Het fraction AQFOSW chrXIV Scc: 0.98854 
Het fraction AQFOSW chrXIV EU: 0.98854 
Het fraction AQFOSW chrXV Scc: 0.74575 
Het fraction AQFOSW chrXV EU: 0.74575 
Het fraction AQFOSW chrXVI Scc: 0.84905 
Het fraction AQFOSW chrXVI EU: 0.84905 
Fraction of Scc low quality variants (/# core positions) CBS7002: 4468/751205 
Fraction of EU low quality variants (/# core positions) CBS7002: 0/732148 
Number of non-matching GT CBS7002: 28136 
Unkown ploidy or ploidy > 2Het fraction CBS7002 chrI Scc: 0 
Het fraction CBS7002 chrI EU: 0 
Het fraction CBS7002 chrII Scc: 0 
Het fraction CBS7002 chrII EU: 0 
Het fraction CBS7002 chrIII Scc: 0 
Het fraction CBS7002 chrIII EU: 0 
Het fraction CBS7002 chrIV Scc: 0 
Het fraction CBS7002 chrIV EU: 0 
Het fraction CBS7002 chrV Scc: 0 
Het fraction CBS7002 chrV EU: 0 
Het fraction CBS7002 chrVI Scc: 0 
Het fraction CBS7002 chrVI EU: 0 
Het fraction CBS7002 chrVII Scc: 0 
Het fraction CBS7002 chrVII EU: 0 
Het fraction CBS7002 chrVIII Scc: 0 
Het fraction CBS7002 chrVIII EU: 0 
Het fraction CBS7002 chrIX Scc: 0 
Het fraction CBS7002 chrIX EU: 0 
Het fraction CBS7002 chrX Scc: 0 
Het fraction CBS7002 chrX EU: 0 
Het fraction CBS7002 chrXI Scc: 0 
Het fraction CBS7002 chrXI EU: 0 
Het fraction CBS7002 chrXII Scc: 0 
Het fraction CBS7002 chrXII EU: 0 
Het fraction CBS7002 chrXIII Scc: 0 
Het fraction CBS7002 chrXIII EU: 0 
Het fraction CBS7002 chrXIV Scc: 0 
Het fraction CBS7002 chrXIV EU: 0 
Het fraction CBS7002 chrXV Scc: 0 
Het fraction CBS7002 chrXV EU: 0 
Het fraction CBS7002 chrXVI Scc: 0 
Het fraction CBS7002 chrXVI EU: 0 
Fraction of Scc low quality variants (/# core positions) ERR3010146: 582/772595 
Fraction of EU low quality variants (/# core positions) ERR3010146: 0/692837 
Number of non-matching GT ERR3010146: 20526 
Unkown ploidy or ploidy > 2Het fraction ERR3010146 chrI Scc: 0 
Het fraction ERR3010146 chrI EU: 0 
Het fraction ERR3010146 chrII Scc: 2e-05 
Het fraction ERR3010146 chrII EU: 2e-05 
Het fraction ERR3010146 chrIII Scc: 0 
Het fraction ERR3010146 chrIII EU: 0 
Het fraction ERR3010146 chrIV Scc: 0 
Het fraction ERR3010146 chrIV EU: 0 
Het fraction ERR3010146 chrV Scc: 0 
Het fraction ERR3010146 chrV EU: 0 
Het fraction ERR3010146 chrVI Scc: 8e-05 
Het fraction ERR3010146 chrVI EU: 8e-05 
Het fraction ERR3010146 chrVII Scc: 0 
Het fraction ERR3010146 chrVII EU: 0 
Het fraction ERR3010146 chrVIII Scc: 1e-04 
Het fraction ERR3010146 chrVIII EU: 1e-04 
Het fraction ERR3010146 chrIX Scc: 0 
Het fraction ERR3010146 chrIX EU: 0 
Het fraction ERR3010146 chrX Scc: 2e-05 
Het fraction ERR3010146 chrX EU: 2e-05 
Het fraction ERR3010146 chrXI Scc: 0.00801 
Het fraction ERR3010146 chrXI EU: 0.00801 
Het fraction ERR3010146 chrXII Scc: 2e-05 
Het fraction ERR3010146 chrXII EU: 2e-05 
Het fraction ERR3010146 chrXIII Scc: 0 
Het fraction ERR3010146 chrXIII EU: 0 
Het fraction ERR3010146 chrXIV Scc: 0 
Het fraction ERR3010146 chrXIV EU: 0 
Het fraction ERR3010146 chrXV Scc: 0.00016 
Het fraction ERR3010146 chrXV EU: 0.00016 
Het fraction ERR3010146 chrXVI Scc: 0 
Het fraction ERR3010146 chrXVI EU: 0 
Fraction of Scc low quality variants (/# core positions) OS162: 11722/775356 
Fraction of EU low quality variants (/# core positions) OS162: 0/775492 
Number of non-matching GT OS162: 198814 
Unkown ploidy or ploidy > 2Het fraction OS162 chrI Scc: 0.98445 
Het fraction OS162 chrI EU: 0.98445 
Het fraction OS162 chrII Scc: 0.98492 
Het fraction OS162 chrII EU: 0.98492 
Het fraction OS162 chrIII Scc: 0.99208 
Het fraction OS162 chrIII EU: 0.99208 
Het fraction OS162 chrIV Scc: 0.98535 
Het fraction OS162 chrIV EU: 0.98535 
Het fraction OS162 chrV Scc: 0.98522 
Het fraction OS162 chrV EU: 0.98522 
Het fraction OS162 chrVI Scc: 0.98323 
Het fraction OS162 chrVI EU: 0.98323 
Het fraction OS162 chrVII Scc: 0.98451 
Het fraction OS162 chrVII EU: 0.98451 
Het fraction OS162 chrVIII Scc: 0.9825 
Het fraction OS162 chrVIII EU: 0.9825 
Het fraction OS162 chrIX Scc: 0.98279 
Het fraction OS162 chrIX EU: 0.98279 
Het fraction OS162 chrX Scc: 0.98373 
Het fraction OS162 chrX EU: 0.98373 
Het fraction OS162 chrXI Scc: 0.98259 
Het fraction OS162 chrXI EU: 0.98259 
Het fraction OS162 chrXII Scc: 0.98317 
Het fraction OS162 chrXII EU: 0.98317 
Het fraction OS162 chrXIII Scc: 0.9879 
Het fraction OS162 chrXIII EU: 0.9879 
Het fraction OS162 chrXIV Scc: 0.98665 
Het fraction OS162 chrXIV EU: 0.98665 
Het fraction OS162 chrXV Scc: 0.98292 
Het fraction OS162 chrXV EU: 0.98292 
Het fraction OS162 chrXVI Scc: 0.98866 
Het fraction OS162 chrXVI EU: 0.98866 
Fraction of Scc low quality variants (/# core positions) OS2389: 11056/770440 
Fraction of EU low quality variants (/# core positions) OS2389: 0/761139 
Number of non-matching GT OS2389: 151855 
Unkown ploidy or ploidy > 2Het fraction OS2389 chrI Scc: 0.77899 
Het fraction OS2389 chrI EU: 0.77899 
Het fraction OS2389 chrII Scc: 0.9737 
Het fraction OS2389 chrII EU: 0.9737 
Het fraction OS2389 chrIII Scc: 0 
Het fraction OS2389 chrIII EU: 0 
Het fraction OS2389 chrIV Scc: 0.94003 
Het fraction OS2389 chrIV EU: 0.94003 
Het fraction OS2389 chrV Scc: 0.98471 
Het fraction OS2389 chrV EU: 0.98471 
Het fraction OS2389 chrVI Scc: 0.95791 
Het fraction OS2389 chrVI EU: 0.95791 
Het fraction OS2389 chrVII Scc: 0.93595 
Het fraction OS2389 chrVII EU: 0.93595 
Het fraction OS2389 chrVIII Scc: 0.75191 
Het fraction OS2389 chrVIII EU: 0.75191 
Het fraction OS2389 chrIX Scc: 0.00022 
Het fraction OS2389 chrIX EU: 0.00022 
Het fraction OS2389 chrX Scc: 0.78683 
Het fraction OS2389 chrX EU: 0.78683 
Het fraction OS2389 chrXI Scc: 0.00018 
Het fraction OS2389 chrXI EU: 0.00018 
Het fraction OS2389 chrXII Scc: 0.95333 
Het fraction OS2389 chrXII EU: 0.95333 
Het fraction OS2389 chrXIII Scc: 0.70828 
Het fraction OS2389 chrXIII EU: 0.70828 
Het fraction OS2389 chrXIV Scc: 0.98169 
Het fraction OS2389 chrXIV EU: 0.98169 
Het fraction OS2389 chrXV Scc: 0.95511 
Het fraction OS2389 chrXV EU: 0.95511 
Het fraction OS2389 chrXVI Scc: 0.97723 
Het fraction OS2389 chrXVI EU: 0.97723 
Fraction of Scc low quality variants (/# core positions) SRR12033510: 10983/661922 
Fraction of EU low quality variants (/# core positions) SRR12033510: 0/775413 
Number of non-matching GT SRR12033510: 13373 
Unkown ploidy or ploidy > 2Het fraction SRR12033510 chrI Scc: 0 
Het fraction SRR12033510 chrI EU: 0 
Het fraction SRR12033510 chrII Scc: 0 
Het fraction SRR12033510 chrII EU: 0 
Het fraction SRR12033510 chrIII Scc: 0 
Het fraction SRR12033510 chrIII EU: 0 
Het fraction SRR12033510 chrIV Scc: 0 
Het fraction SRR12033510 chrIV EU: 0 
Het fraction SRR12033510 chrV Scc: 0 
Het fraction SRR12033510 chrV EU: 0 
Het fraction SRR12033510 chrVI Scc: 0 
Het fraction SRR12033510 chrVI EU: 0 
Het fraction SRR12033510 chrVII Scc: 0 
Het fraction SRR12033510 chrVII EU: 0 
Het fraction SRR12033510 chrVIII Scc: 0 
Het fraction SRR12033510 chrVIII EU: 0 
Het fraction SRR12033510 chrIX Scc: 0 
Het fraction SRR12033510 chrIX EU: 0 
Het fraction SRR12033510 chrX Scc: 0 
Het fraction SRR12033510 chrX EU: 0 
Het fraction SRR12033510 chrXI Scc: 0 
Het fraction SRR12033510 chrXI EU: 0 
Het fraction SRR12033510 chrXII Scc: 4e-05 
Het fraction SRR12033510 chrXII EU: 4e-05 
Het fraction SRR12033510 chrXIII Scc: 0 
Het fraction SRR12033510 chrXIII EU: 0 
Het fraction SRR12033510 chrXIV Scc: 5e-05 
Het fraction SRR12033510 chrXIV EU: 5e-05 
Het fraction SRR12033510 chrXV Scc: 0 
Het fraction SRR12033510 chrXV EU: 0 
Het fraction SRR12033510 chrXVI Scc: 0 
Het fraction SRR12033510 chrXVI EU: 0 
Fraction of Scc low quality variants (/# core positions) SRR9925222: 8477/775467 
Fraction of EU low quality variants (/# core positions) SRR9925222: 0/671073 
Number of non-matching GT SRR9925222: 131325 
Unkown ploidy or ploidy > 2Het fraction SRR9925222 chrI Scc: 0.1343 
Het fraction SRR9925222 chrI EU: 0.1343 
Het fraction SRR9925222 chrII Scc: 0.11281 
Het fraction SRR9925222 chrII EU: 0.11281 
Het fraction SRR9925222 chrIII Scc: 0.00067 
Het fraction SRR9925222 chrIII EU: 0.00067 
Het fraction SRR9925222 chrIV Scc: 0.0992 
Het fraction SRR9925222 chrIV EU: 0.0992 
Het fraction SRR9925222 chrV Scc: 0.11549 
Het fraction SRR9925222 chrV EU: 0.11549 
Het fraction SRR9925222 chrVI Scc: 0.00067 
Het fraction SRR9925222 chrVI EU: 0.00067 
Het fraction SRR9925222 chrVII Scc: 0.07194 
Het fraction SRR9925222 chrVII EU: 0.07194 
Het fraction SRR9925222 chrVIII Scc: 0.1071 
Het fraction SRR9925222 chrVIII EU: 0.1071 
Het fraction SRR9925222 chrIX Scc: 0.12266 
Het fraction SRR9925222 chrIX EU: 0.12266 
Het fraction SRR9925222 chrX Scc: 0.10284 
Het fraction SRR9925222 chrX EU: 0.10284 
Het fraction SRR9925222 chrXI Scc: 0.00146 
Het fraction SRR9925222 chrXI EU: 0.00146 
Het fraction SRR9925222 chrXII Scc: 0.12213 
Het fraction SRR9925222 chrXII EU: 0.12213 
Het fraction SRR9925222 chrXIII Scc: 0.09714 
Het fraction SRR9925222 chrXIII EU: 0.09714 
Het fraction SRR9925222 chrXIV Scc: 0.10588 
Het fraction SRR9925222 chrXIV EU: 0.10588 
Het fraction SRR9925222 chrXV Scc: 0.09833 
Het fraction SRR9925222 chrXV EU: 0.09833 
Het fraction SRR9925222 chrXVI Scc: 0.10562 
Het fraction SRR9925222 chrXVI EU: 0.10562 
Fraction of Scc low quality variants (/# core positions) UFMG-CM-Y651: 6142/744816 
Fraction of EU low quality variants (/# core positions) UFMG-CM-Y651: 0/741347 
Number of non-matching GT UFMG-CM-Y651: 42937 
Unkown ploidy or ploidy > 2Het fraction UFMG-CM-Y651 chrI Scc: 0 
Het fraction UFMG-CM-Y651 chrI EU: 0 
Het fraction UFMG-CM-Y651 chrII Scc: 0.00046 
Het fraction UFMG-CM-Y651 chrII EU: 0.00046 
Het fraction UFMG-CM-Y651 chrIII Scc: 7e-05 
Het fraction UFMG-CM-Y651 chrIII EU: 7e-05 
Het fraction UFMG-CM-Y651 chrIV Scc: 0.00073 
Het fraction UFMG-CM-Y651 chrIV EU: 0.00073 
Het fraction UFMG-CM-Y651 chrV Scc: 0.98714 
Het fraction UFMG-CM-Y651 chrV EU: 0.98714 
Het fraction UFMG-CM-Y651 chrVI Scc: 0.00186 
Het fraction UFMG-CM-Y651 chrVI EU: 0.00186 
Het fraction UFMG-CM-Y651 chrVII Scc: 7e-05 
Het fraction UFMG-CM-Y651 chrVII EU: 7e-05 
Het fraction UFMG-CM-Y651 chrVIII Scc: 0.00058 
Het fraction UFMG-CM-Y651 chrVIII EU: 0.00058 
Het fraction UFMG-CM-Y651 chrIX Scc: 0.00077 
Het fraction UFMG-CM-Y651 chrIX EU: 0.00077 
Het fraction UFMG-CM-Y651 chrX Scc: 0.00039 
Het fraction UFMG-CM-Y651 chrX EU: 0.00039 
Het fraction UFMG-CM-Y651 chrXI Scc: 0.00117 
Het fraction UFMG-CM-Y651 chrXI EU: 0.00117 
Het fraction UFMG-CM-Y651 chrXII Scc: 0.00012 
Het fraction UFMG-CM-Y651 chrXII EU: 0.00012 
Het fraction UFMG-CM-Y651 chrXIII Scc: 4e-05 
Het fraction UFMG-CM-Y651 chrXIII EU: 4e-05 
Het fraction UFMG-CM-Y651 chrXIV Scc: 0.00487 
Het fraction UFMG-CM-Y651 chrXIV EU: 0.00487 
Het fraction UFMG-CM-Y651 chrXV Scc: 0.00123 
Het fraction UFMG-CM-Y651 chrXV EU: 0.00123 
Het fraction UFMG-CM-Y651 chrXVI Scc: 0.00035 
Het fraction UFMG-CM-Y651 chrXVI EU: 0.00035 
Fraction of Scc low quality variants (/# core positions) UFMG-CM-Y652: 7634/771396 
Fraction of EU low quality variants (/# core positions) UFMG-CM-Y652: 0/766122 
Number of non-matching GT UFMG-CM-Y652: 108715 
Unkown ploidy or ploidy > 2Het fraction UFMG-CM-Y652 chrI Scc: 0.98554 
Het fraction UFMG-CM-Y652 chrI EU: 0.98554 
Het fraction UFMG-CM-Y652 chrII Scc: 0.9154 
Het fraction UFMG-CM-Y652 chrII EU: 0.9154 
Het fraction UFMG-CM-Y652 chrIII Scc: 0.96626 
Het fraction UFMG-CM-Y652 chrIII EU: 0.96626 
Het fraction UFMG-CM-Y652 chrIV Scc: 0.88553 
Het fraction UFMG-CM-Y652 chrIV EU: 0.88553 
Het fraction UFMG-CM-Y652 chrV Scc: 0.98715 
Het fraction UFMG-CM-Y652 chrV EU: 0.98715 
Het fraction UFMG-CM-Y652 chrVI Scc: 0.70855 
Het fraction UFMG-CM-Y652 chrVI EU: 0.70855 
Het fraction UFMG-CM-Y652 chrVII Scc: 0.84774 
Het fraction UFMG-CM-Y652 chrVII EU: 0.84774 
Het fraction UFMG-CM-Y652 chrVIII Scc: 0.98633 
Het fraction UFMG-CM-Y652 chrVIII EU: 0.98633 
Het fraction UFMG-CM-Y652 chrIX Scc: 0.36687 
Het fraction UFMG-CM-Y652 chrIX EU: 0.36687 
Het fraction UFMG-CM-Y652 chrX Scc: 0.67543 
Het fraction UFMG-CM-Y652 chrX EU: 0.67543 
Het fraction UFMG-CM-Y652 chrXI Scc: 0.98218 
Het fraction UFMG-CM-Y652 chrXI EU: 0.98218 
Het fraction UFMG-CM-Y652 chrXII Scc: 0.18821 
Het fraction UFMG-CM-Y652 chrXII EU: 0.18821 
Het fraction UFMG-CM-Y652 chrXIII Scc: 0.9345 
Het fraction UFMG-CM-Y652 chrXIII EU: 0.9345 
Het fraction UFMG-CM-Y652 chrXIV Scc: 0.33468 
Het fraction UFMG-CM-Y652 chrXIV EU: 0.33468 
Het fraction UFMG-CM-Y652 chrXV Scc: 0.95249 
Het fraction UFMG-CM-Y652 chrXV EU: 0.95249 
Het fraction UFMG-CM-Y652 chrXVI Scc: 0.98463 
Het fraction UFMG-CM-Y652 chrXVI EU: 0.98463 
Global time 
    user   system  elapsed 
2809.866   99.221 2936.156 
