Note: none of --samples-file, --ploidy or --ploidy-file given, assuming all sites are diploid
Note: none of --samples-file, --ploidy or --ploidy-file given, assuming all sites are diploid
[warning] samtools mpileup option `u` is functional, but deprecated. Please switch to using bcftools mpileup in future.
[warning] samtools mpileup option `m` is functional, but deprecated. Please switch to using bcftools mpileup in future.
[warning] samtools mpileup option `t` is functional, but deprecated. Please switch to using bcftools mpileup in future.
[warning] samtools mpileup option `I` is functional, but deprecated. Please switch to using bcftools mpileup in future.
[mpileup] 1 samples in 1 input files
[warning] samtools mpileup option `u` is functional, but deprecated. Please switch to using bcftools mpileup in future.
[warning] samtools mpileup option `m` is functional, but deprecated. Please switch to using bcftools mpileup in future.
[warning] samtools mpileup option `t` is functional, but deprecated. Please switch to using bcftools mpileup in future.
[warning] samtools mpileup option `I` is functional, but deprecated. Please switch to using bcftools mpileup in future.
[mpileup] 1 samples in 1 input files
[warning] samtools mpileup option `u` is functional, but deprecated. Please switch to using bcftools mpileup in future.
[warning] samtools mpileup option `m` is functional, but deprecated. Please switch to using bcftools mpileup in future.
[warning] samtools mpileup option `t` is functional, but deprecated. Please switch to using bcftools mpileup in future.
[warning] samtools mpileup option `I` is functional, but deprecated. Please switch to using bcftools mpileup in future.
[mpileup] 1 samples in 1 input files
[warning] samtools mpileup option `u` is functional, but deprecated. Please switch to using bcftools mpileup in future.
[warning] samtools mpileup option `m` is functional, but deprecated. Please switch to using bcftools mpileup in future.
[warning] samtools mpileup option `t` is functional, but deprecated. Please switch to using bcftools mpileup in future.
[warning] samtools mpileup option `I` is functional, but deprecated. Please switch to using bcftools mpileup in future.
[mpileup] 1 samples in 1 input files
Note: none of --samples-file, --ploidy or --ploidy-file given, assuming all sites are diploid
Note: none of --samples-file, --ploidy or --ploidy-file given, assuming all sites are diploid
Note: none of --samples-file, --ploidy or --ploidy-file given, assuming all sites are diploid
Note: none of --samples-file, --ploidy or --ploidy-file given, assuming all sites are diploid
[warning] samtools mpileup option `u` is functional, but deprecated. Please switch to using bcftools mpileup in future.
[warning] samtools mpileup option `m` is functional, but deprecated. Please switch to using bcftools mpileup in future.
[warning] samtools mpileup option `t` is functional, but deprecated. Please switch to using bcftools mpileup in future.
[warning] samtools mpileup option `I` is functional, but deprecated. Please switch to using bcftools mpileup in future.
[mpileup] 1 samples in 1 input files
[warning] samtools mpileup option `u` is functional, but deprecated. Please switch to using bcftools mpileup in future.
[warning] samtools mpileup option `m` is functional, but deprecated. Please switch to using bcftools mpileup in future.
[warning] samtools mpileup option `t` is functional, but deprecated. Please switch to using bcftools mpileup in future.
[warning] samtools mpileup option `I` is functional, but deprecated. Please switch to using bcftools mpileup in future.
[mpileup] 1 samples in 1 input files
[warning] samtools mpileup option `u` is functional, but deprecated. Please switch to using bcftools mpileup in future.
[warning] samtools mpileup option `m` is functional, but deprecated. Please switch to using bcftools mpileup in future.
[warning] samtools mpileup option `t` is functional, but deprecated. Please switch to using bcftools mpileup in future.
[warning] samtools mpileup option `I` is functional, but deprecated. Please switch to using bcftools mpileup in future.
[mpileup] 1 samples in 1 input files
[warning] samtools mpileup option `u` is functional, but deprecated. Please switch to using bcftools mpileup in future.
[warning] samtools mpileup option `m` is functional, but deprecated. Please switch to using bcftools mpileup in future.
[warning] samtools mpileup option `t` is functional, but deprecated. Please switch to using bcftools mpileup in future.
[warning] samtools mpileup option `I` is functional, but deprecated. Please switch to using bcftools mpileup in future.
[mpileup] 1 samples in 1 input files
Note: none of --samples-file, --ploidy or --ploidy-file given, assuming all sites are diploid
Note: none of --samples-file, --ploidy or --ploidy-file given, assuming all sites are diploid
Note: none of --samples-file, --ploidy or --ploidy-file given, assuming all sites are diploid
Note: none of --samples-file, --ploidy or --ploidy-file given, assuming all sites are diploid
[warning] samtools mpileup option `u` is functional, but deprecated. Please switch to using bcftools mpileup in future.
[warning] samtools mpileup option `m` is functional, but deprecated. Please switch to using bcftools mpileup in future.
[warning] samtools mpileup option `t` is functional, but deprecated. Please switch to using bcftools mpileup in future.
[warning] samtools mpileup option `I` is functional, but deprecated. Please switch to using bcftools mpileup in future.
[mpileup] 1 samples in 1 input files
[warning] samtools mpileup option `u` is functional, but deprecated. Please switch to using bcftools mpileup in future.
[warning] samtools mpileup option `m` is functional, but deprecated. Please switch to using bcftools mpileup in future.
[warning] samtools mpileup option `t` is functional, but deprecated. Please switch to using bcftools mpileup in future.
[warning] samtools mpileup option `I` is functional, but deprecated. Please switch to using bcftools mpileup in future.
[mpileup] 1 samples in 1 input files
[warning] samtools mpileup option `u` is functional, but deprecated. Please switch to using bcftools mpileup in future.
[warning] samtools mpileup option `m` is functional, but deprecated. Please switch to using bcftools mpileup in future.
[warning] samtools mpileup option `t` is functional, but deprecated. Please switch to using bcftools mpileup in future.
[warning] samtools mpileup option `I` is functional, but deprecated. Please switch to using bcftools mpileup in future.
[mpileup] 1 samples in 1 input files
[warning] samtools mpileup option `u` is functional, but deprecated. Please switch to using bcftools mpileup in future.
[warning] samtools mpileup option `m` is functional, but deprecated. Please switch to using bcftools mpileup in future.
[warning] samtools mpileup option `t` is functional, but deprecated. Please switch to using bcftools mpileup in future.
[warning] samtools mpileup option `I` is functional, but deprecated. Please switch to using bcftools mpileup in future.
[mpileup] 1 samples in 1 input files
Note: none of --samples-file, --ploidy or --ploidy-file given, assuming all sites are diploid
Note: none of --samples-file, --ploidy or --ploidy-file given, assuming all sites are diploid
Note: none of --samples-file, --ploidy or --ploidy-file given, assuming all sites are diploid
Note: none of --samples-file, --ploidy or --ploidy-file given, assuming all sites are diploid
[warning] samtools mpileup option `u` is functional, but deprecated. Please switch to using bcftools mpileup in future.
[warning] samtools mpileup option `m` is functional, but deprecated. Please switch to using bcftools mpileup in future.
[warning] samtools mpileup option `t` is functional, but deprecated. Please switch to using bcftools mpileup in future.
[warning] samtools mpileup option `I` is functional, but deprecated. Please switch to using bcftools mpileup in future.
[mpileup] 1 samples in 1 input files
[warning] samtools mpileup option `u` is functional, but deprecated. Please switch to using bcftools mpileup in future.
[warning] samtools mpileup option `m` is functional, but deprecated. Please switch to using bcftools mpileup in future.
[warning] samtools mpileup option `t` is functional, but deprecated. Please switch to using bcftools mpileup in future.
[warning] samtools mpileup option `I` is functional, but deprecated. Please switch to using bcftools mpileup in future.
[mpileup] 1 samples in 1 input files
[warning] samtools mpileup option `u` is functional, but deprecated. Please switch to using bcftools mpileup in future.
[warning] samtools mpileup option `m` is functional, but deprecated. Please switch to using bcftools mpileup in future.
[warning] samtools mpileup option `t` is functional, but deprecated. Please switch to using bcftools mpileup in future.
[warning] samtools mpileup option `I` is functional, but deprecated. Please switch to using bcftools mpileup in future.
[mpileup] 1 samples in 1 input files
[warning] samtools mpileup option `u` is functional, but deprecated. Please switch to using bcftools mpileup in future.
[warning] samtools mpileup option `m` is functional, but deprecated. Please switch to using bcftools mpileup in future.
[warning] samtools mpileup option `t` is functional, but deprecated. Please switch to using bcftools mpileup in future.
[warning] samtools mpileup option `I` is functional, but deprecated. Please switch to using bcftools mpileup in future.
[mpileup] 1 samples in 1 input files
Note: none of --samples-file, --ploidy or --ploidy-file given, assuming all sites are diploid
Note: none of --samples-file, --ploidy or --ploidy-file given, assuming all sites are diploid
[warning] samtools mpileup option `u` is functional, but deprecated. Please switch to using bcftools mpileup in future.
[warning] samtools mpileup option `m` is functional, but deprecated. Please switch to using bcftools mpileup in future.
[warning] samtools mpileup option `t` is functional, but deprecated. Please switch to using bcftools mpileup in future.
[warning] samtools mpileup option `I` is functional, but deprecated. Please switch to using bcftools mpileup in future.
[mpileup] 1 samples in 1 input files
[warning] samtools mpileup option `u` is functional, but deprecated. Please switch to using bcftools mpileup in future.
[warning] samtools mpileup option `m` is functional, but deprecated. Please switch to using bcftools mpileup in future.
[warning] samtools mpileup option `t` is functional, but deprecated. Please switch to using bcftools mpileup in future.
[warning] samtools mpileup option `I` is functional, but deprecated. Please switch to using bcftools mpileup in future.
[mpileup] 1 samples in 1 input files
	Command being timed: "bash /home/ntellini/TWO-assembly_pipe/scr/SAMt.Marker.sh Scc CBS432 /home/ntellini/TWO-assembly_pipe"
	User time (seconds): 11499.68
	System time (seconds): 83.31
	Percent of CPU this job got: 237%
	Elapsed (wall clock) time (h:mm:ss or m:ss): 1:21:10
	Average shared text size (kbytes): 0
	Average unshared data size (kbytes): 0
	Average stack size (kbytes): 0
	Average total size (kbytes): 0
	Maximum resident set size (kbytes): 54856
	Average resident set size (kbytes): 0
	Major (requiring I/O) page faults: 0
	Minor (reclaiming a frame) page faults: 1666366
	Voluntary context switches: 660481
	Involuntary context switches: 520819
	Swaps: 0
	File system inputs: 31193360
	File system outputs: 1003992
	Socket messages sent: 0
	Socket messages received: 0
	Signals delivered: 0
	Page size (bytes): 4096
	Exit status: 0
