	Command being timed: "bash /home/ntellini/TWO-assembly_pipe/scr/get_reads_len.sh /home/ntellini/TWO-assembly_pipe"
	User time (seconds): 321.89
	System time (seconds): 32.74
	Percent of CPU this job got: 184%
	Elapsed (wall clock) time (h:mm:ss or m:ss): 3:12.30
	Average shared text size (kbytes): 0
	Average unshared data size (kbytes): 0
	Average stack size (kbytes): 0
	Average total size (kbytes): 0
	Maximum resident set size (kbytes): 3420
	Average resident set size (kbytes): 0
	Major (requiring I/O) page faults: 0
	Minor (reclaiming a frame) page faults: 12094
	Voluntary context switches: 493786
	Involuntary context switches: 1612
	Swaps: 0
	File system inputs: 0
	File system outputs: 24
	Socket messages sent: 0
	Socket messages received: 0
	Signals delivered: 0
	Page size (bytes): 4096
	Exit status: 0
