	Command being timed: "Rscript /home/ntellini/TWO-assembly_pipe/scr/AllSeg.R Scc CBS432 Scc EU /home/ntellini/TWO-assembly_pipe"
	User time (seconds): 29.49
	System time (seconds): 4.61
	Percent of CPU this job got: 130%
	Elapsed (wall clock) time (h:mm:ss or m:ss): 0:26.10
	Average shared text size (kbytes): 0
	Average unshared data size (kbytes): 0
	Average stack size (kbytes): 0
	Average total size (kbytes): 0
	Maximum resident set size (kbytes): 258968
	Average resident set size (kbytes): 0
	Major (requiring I/O) page faults: 5
	Minor (reclaiming a frame) page faults: 236512
	Voluntary context switches: 304
	Involuntary context switches: 282
	Swaps: 0
	File system inputs: 352
	File system outputs: 53008
	Socket messages sent: 0
	Socket messages received: 0
	Signals delivered: 0
	Page size (bytes): 4096
	Exit status: 0
