[bam_sort_core] merging from 0 files and 4 in-memory blocks...
[bam_sort_core] merging from 0 files and 4 in-memory blocks...
[bam_sort_core] merging from 0 files and 4 in-memory blocks...
[bam_sort_core] merging from 0 files and 4 in-memory blocks...
[bam_sort_core] merging from 0 files and 4 in-memory blocks...
[bam_sort_core] merging from 0 files and 4 in-memory blocks...
[bam_sort_core] merging from 0 files and 4 in-memory blocks...
[bam_sort_core] merging from 0 files and 4 in-memory blocks...
[bam_sort_core] merging from 0 files and 4 in-memory blocks...
[bam_sort_core] merging from 0 files and 4 in-memory blocks...
[bam_sort_core] merging from 0 files and 4 in-memory blocks...
[bam_sort_core] merging from 0 files and 4 in-memory blocks...
[bam_sort_core] merging from 4 files and 4 in-memory blocks...
[bam_sort_core] merging from 4 files and 4 in-memory blocks...
[bam_sort_core] merging from 8 files and 4 in-memory blocks...
[bam_sort_core] merging from 8 files and 4 in-memory blocks...
[bam_sort_core] merging from 12 files and 4 in-memory blocks...
[bam_sort_core] merging from 12 files and 4 in-memory blocks...
	Command being timed: "bash /home/ntellini/TWO-assembly_pipe/scr/BWA.Mapping.sh /home/ntellini/TWO-assembly_pipe"
	User time (seconds): 47414.96
	System time (seconds): 1129.58
	Percent of CPU this job got: 3045%
	Elapsed (wall clock) time (h:mm:ss or m:ss): 26:33.82
	Average shared text size (kbytes): 0
	Average unshared data size (kbytes): 0
	Average stack size (kbytes): 0
	Average total size (kbytes): 0
	Maximum resident set size (kbytes): 3502432
	Average resident set size (kbytes): 0
	Major (requiring I/O) page faults: 17
	Minor (reclaiming a frame) page faults: 198228838
	Voluntary context switches: 28033260
	Involuntary context switches: 130578
	Swaps: 0
	File system inputs: 818960
	File system outputs: 104752640
	Socket messages sent: 0
	Socket messages received: 0
	Signals delivered: 0
	Page size (bytes): 4096
	Exit status: 0
