	Command being timed: "Rscript /home/ntellini/TWO-assembly_pipe/scr/intro.allchr.plots.r /home/ntellini/TWO-assembly_pipe"
	User time (seconds): 31.60
	System time (seconds): 4.41
	Percent of CPU this job got: 127%
	Elapsed (wall clock) time (h:mm:ss or m:ss): 0:28.23
	Average shared text size (kbytes): 0
	Average unshared data size (kbytes): 0
	Average stack size (kbytes): 0
	Average total size (kbytes): 0
	Maximum resident set size (kbytes): 254708
	Average resident set size (kbytes): 0
	Major (requiring I/O) page faults: 1
	Minor (reclaiming a frame) page faults: 199197
	Voluntary context switches: 260
	Involuntary context switches: 138256
	Swaps: 0
	File system inputs: 8
	File system outputs: 18976
	Socket messages sent: 0
	Socket messages received: 0
	Signals delivered: 0
	Page size (bytes): 4096
	Exit status: 0
